<?xml version="1.0" encoding="UTF-8" ?>
<testsuites>
  <testsuite errors="0" failures="1" hostname="127.0.0.1" id="0" name="framework" package="mxunit.tests" tests="123" time="21.625" timestamp="03/15/08 11:19:51 AM">
    <properties>
[...]
</properties>
    <testcase classname="mxunit.tests.framework.MyCFCTest" name="testAdd" time="0.032" />
    <testcase classname="mxunit.tests.framework.MyCFCTest" name="testSub" time="0.015" />
    <testcase classname="mxunit.tests.framework.QueryTestResultTest" name="testGetQueryResults" time="0.36" />
    <testcase classname="mxunit.tests.framework.QueryTestResultTest" name="testMetaData" time="0.297" />
    <testcase classname="mxunit.tests.framework.HamcrestTest" name="testIsEqualTo" time="1" />
    <testcase classname="mxunit.tests.framework.HamcrestTest" name="testContainsTheString" time="0.25" />
    <testcase classname="mxunit.tests.framework.TestCaseTest" name="testGetRunnableMethodsHyphenInName" time="0.063" />
    <testcase classname="mxunit.tests.framework.TestCaseTest" name="testGetRunnableMethodsInheritance" time="0.172" />
    <testcase classname="mxunit.tests.framework.TestCaseTest" name="testMakePublicPassthrough" time="0.25" />
    <testcase classname="mxunit.tests.framework.TestCaseTest" name="testGetRunnableMethodsSimple" time="0.031" />
    <testcase classname="mxunit.tests.framework.TestCaseTest" name="testMakePublicPassthroughSanityCheck" time="0.031" />
    <testcase classname="mxunit.tests.framework.AssertDecoratorTest" name="testAddHamcrestDecorator" time="0.031" />
    <testcase classname="mxunit.tests.framework.AssertDecoratorTest" name="testaddAssertDecorators" time="0.141" />
    <testcase classname="mxunit.tests.framework.AssertDecoratorTest" name="testMXUnitExtensionsAdded" time="0.125" />
    <testcase classname="mxunit.tests.framework.AssertDecoratorTest" name="testAddFixtureDecorator" time="0.062" />
    <testcase classname="mxunit.tests.framework.HamcrestMatcherTest" name="testSomethingElse" time="0.032" />
    <testcase classname="mxunit.tests.framework.HamcrestMatcherTest" name="testSomething" time="0.032" />
    <testcase classname="mxunit.tests.framework.HamcrestMatcherTest" name="testSomethingElse2" time="0.031" />
    <testcase classname="mxunit.tests.framework.TestTest" name="testRun" time="0.047" />
    <testcase classname="mxunit.tests.framework.TestTest" name="testTest" time="0.047" />
    <testcase classname="mxunit.tests.framework.TestResultTest" name="testSetPackage" time="0.36" />
    <testcase classname="mxunit.tests.framework.TestResultTest" name="testEndTest" time="0.218" />
    <testcase classname="mxunit.tests.framework.TestResultTest" name="testAddError" time="0.219" />
    <testcase classname="mxunit.tests.framework.TestResultTest" name="testGetResults" time="0.281" />
    <testcase classname="mxunit.tests.framework.TestResultTest" name="testGetPackage" time="0.25" />
    <testcase classname="mxunit.tests.framework.TestResultTest" name="testConstructTagContextElements" time="0.391" />
    <testcase classname="mxunit.tests.framework.TestResultTest" name="testAddTrace" time="0.296" />
    <testcase classname="mxunit.tests.framework.TestResultTest" name="testGetFailures" time="0.406" />
    <testcase classname="mxunit.tests.framework.TestResultTest" name="testGetResultsAsStruct" time="0.422" />
    <testcase classname="mxunit.tests.framework.TestResultTest" name="testAddContent" time="0.344" />
    <testcase classname="mxunit.tests.framework.TestResultTest" name="testAddSuccess" time="0.234" />
    <testcase classname="mxunit.tests.framework.TestResultTest" name="testGetQueryResults" time="0.266" />
    <testcase classname="mxunit.tests.framework.TestResultTest" name="testGetResultsOutput" time="0.36" />
    <testcase classname="mxunit.tests.framework.TestResultTest" name="testGetInstallRoot" time="0.39" />
    <testcase classname="mxunit.tests.framework.TestResultTest" name="testNormalizeQueryString" time="0.469" />
    <testcase classname="mxunit.tests.framework.TestResultTest" name="testStartTest" time="0.25" />
    <testcase classname="mxunit.tests.framework.TestResultTest" name="testGetSuccesses" time="0.219" />
    <testcase classname="mxunit.tests.framework.TestResultTest" name="testGetResultsAsStructMultipleComponents" time="1.391" />
    <testcase classname="mxunit.tests.framework.TestResultTest" name="testCloseResults" time="0.234" />
    <testcase classname="mxunit.tests.framework.TestResultTest" name="testTestResult" time="0.25" />
    <testcase classname="mxunit.tests.framework.TestResultTest" name="testSetDebug" time="0.313" />
    <testcase classname="mxunit.tests.framework.TestResultTest" name="testAddProcessingTime" time="0.235" />
    <testcase classname="mxunit.tests.framework.TestResultTest" name="testGetDebug" time="0.265" />
    <testcase classname="mxunit.tests.framework.TestResultTest" name="testAddFailure" time="0.313" />
    <testcase classname="mxunit.tests.framework.AssertTest" name="testFailure" time="0.063" />
    <testcase classname="mxunit.tests.framework.AssertTest" name="testAssertFalseFailure" time="0.062" />
    <testcase classname="mxunit.tests.framework.AssertTest" name="testAssertEqualsStructsFailures" time="0.063" />
    <testcase classname="mxunit.tests.framework.AssertTest" name="testAssertFailures" time="0.093" />
    <testcase classname="mxunit.tests.framework.AssertTest" name="testNormalizeArgumentsCFUnitEquals" time="0.047" />
    <testcase classname="mxunit.tests.framework.AssertTest" name="testAssertEqualsStringsFailures" time="0.078" />
    <testcase classname="mxunit.tests.framework.AssertTest" name="testAssertEqualsStrings" time="0.047" />
    <testcase classname="mxunit.tests.framework.AssertTest" name="testAssertEqualsNumbers" time="0.047" />
    <testcase classname="mxunit.tests.framework.AssertTest" name="testNormalizeArgumentsDefaultTrue" time="0.047" />
    <testcase classname="mxunit.tests.framework.AssertTest" name="testAssertEquals" time="0.172" />
    <testcase classname="mxunit.tests.framework.AssertTest" name="testAssertEqualsStructsDeepComparison" time="0.094" />
    <testcase classname="mxunit.tests.framework.AssertTest" name="testAssertEqualsStructs" time="0.047" />
    <testcase classname="mxunit.tests.framework.AssertTest" name="testNormalizeArgumentsCFUnitTrue" time="0.047" />
    <testcase classname="mxunit.tests.framework.AssertTest" name="testAssertFalse" time="0.047" />
    <testcase classname="mxunit.tests.framework.AssertTest" name="testNormalizeArgumentsDefaultEquals" time="0.047" />
    <testcase classname="mxunit.tests.framework.AssertTest" name="testAssertTrue" time="0.047" />
    <testcase classname="mxunit.tests.framework.AssertTest" name="testAssertEqualsNumbersFailures" time="0.078" />
    <testcase classname="mxunit.tests.framework.AssertTest" name="testGetStringValue" time="0.063" />
    <testcase classname="mxunit.tests.framework.AssertTest" name="testFailNotEquals" time="0.093" />
    <testcase classname="mxunit.tests.framework.AssertTest" name="testNormalizeArgumentsDefaultXMLDoc" time="0.063" />
    <testcase classname="mxunit.tests.framework.AssertTest" name="testNormalizeArgumentsDefaultEmptyArray" time="0.047" />
    <testcase classname="mxunit.tests.framework.AssertSameTest" name="testAssertNotSame" time="0.14" />
    <testcase classname="mxunit.tests.framework.AssertSameTest" name="testAssertSame" time="0.047" />
    <testcase classname="mxunit.tests.framework.AssertSameTest" name="testIdentityHashCodes" time="0.062" />
    <testcase classname="mxunit.tests.framework.AssertSameTest" name="testHashEquals" time="0.125" />
    <testcase classname="mxunit.tests.framework.AssertSameTest" name="testGetHashCode" time="0.079" />
    <testcase classname="mxunit.tests.framework.AssertSameTest" name="testAssertNotSameArray" time="0.046" />
    <testcase classname="mxunit.tests.framework.AssertSameTest" name="testThrowWrapper" time="0.063" />
    <testcase classname="mxunit.tests.framework.AssertSameTest" name="testAssertSameArray" time="0.046" />
    <testcase classname="mxunit.tests.framework.ComponentUtilsTest" name="testGetInstallRoot" time="0.031" />
    <testcase classname="mxunit.tests.framework.ComponentUtilsTest" name="testHasJ2EEContext" time="0.031">
      <failure message="Expect a failure on non-j2ee server configs."><![CDATA[coldfusion.runtime.CustomException: Expect a failure on non-j2ee server configs.
	at coldfusion.tagext.lang.ThrowTag.doStartTag(ThrowTag.java:124)
	at coldfusion.runtime.CfJspPage._emptyTag(CfJspPage.java:2644)
	at cfAssert2ecfc1650306809$funcFAIL.runFunction(C:\Inetpub\wwwroot\mxunit\framework\Assert.cfc:114)
	at coldfusion.runtime.UDFMethod.invoke(UDFMethod.java:418)
	at coldfusion.runtime.UDFMethod$ReturnTypeFilter.invoke(UDFMethod.java:360)
	at coldfusion.runtime.UDFMethod$ArgumentCollectionFilter.invoke(UDFMethod.java:324)
	at coldfusion.filter.FunctionAccessFilter.invoke(FunctionAccessFilter.java:56)
	at coldfusion.runtime.UDFMethod.runFilterChain(UDFMethod.java:277)
	at coldfusion.runtime.UDFMethod.invoke(UDFMethod.java:463)
	at coldfusion.runtime.CfJspPage._invokeUDF(CfJspPage.java:2429)
	at coldfusion.tagext.lang.InvokeTag.doEndTag(InvokeTag.java:432)
	at cfAssert2ecfc1650306809$funcASSERTTRUE.runFunction(C:\Inetpub\wwwroot\mxunit\framework\Assert.cfc:213)
	at coldfusion.runtime.UDFMethod.invoke(UDFMethod.java:418)
	at coldfusion.runtime.UDFMethod$ReturnTypeFilter.invoke(UDFMethod.java:360)
	at coldfusion.runtime.UDFMethod$ArgumentCollectionFilter.invoke(UDFMethod.java:324)
	at coldfusion.filter.FunctionAccessFilter.invoke(FunctionAccessFilter.java:56)
	at coldfusion.runtime.UDFMethod.runFilterChain(UDFMethod.java:277)
	at coldfusion.runtime.UDFMethod.invoke(UDFMethod.java:192)
	at coldfusion.runtime.CfJspPage._invokeUDF(CfJspPage.java:2464)
	at cfComponentUtilsTest2ecfc1238039794$funcTESTHASJ2EECONTEXT.runFunction(C:\Inetpub\wwwroot\mxunit\tests\framework\ComponentUtilsTest.cfc:130)
	at coldfusion.runtime.UDFMethod.invoke(UDFMethod.java:418)
	at coldfusion.runtime.UDFMethod$ArgumentCollectionFilter.invoke(UDFMethod.java:324)
	at coldfusion.filter.FunctionAccessFilter.invoke(FunctionAccessFilter.java:56)
	at coldfusion.runtime.UDFMethod.runFilterChain(UDFMethod.java:277)
	at coldfusion.runtime.UDFMethod.invoke(UDFMethod.java:463)
	at coldfusion.runtime.TemplateProxy.invoke(TemplateProxy.java:453)
	at coldfusion.runtime.TemplateProxy.invoke(TemplateProxy.java:320)
	at coldfusion.runtime.CfJspPage._invoke(CfJspPage.java:2210)
	at coldfusion.tagext.lang.InvokeTag.doEndTag(InvokeTag.java:362)
	at coldfusion.runtime.CfJspPage._emptyTag(CfJspPage.java:2645)
	at cfTestSuite2ecfc1641947641$funcRUN.runFunction(C:\Inetpub\wwwroot\mxunit\framework\TestSuite.cfc:151)
	at coldfusion.runtime.UDFMethod.invoke(UDFMethod.java:418)
	at coldfusion.runtime.UDFMethod$ReturnTypeFilter.invoke(UDFMethod.java:360)
	at coldfusion.runtime.UDFMethod$ArgumentCollectionFilter.invoke(UDFMethod.java:324)
	at coldfusion.filter.FunctionAccessFilter.invoke(FunctionAccessFilter.java:56)
	at coldfusion.runtime.UDFMethod.runFilterChain(UDFMethod.java:277)
	at coldfusion.runtime.UDFMethod.invoke(UDFMethod.java:192)
	at coldfusion.runtime.TemplateProxy.invoke(TemplateProxy.java:448)
	at coldfusion.runtime.TemplateProxy.invoke(TemplateProxy.java:308)
	at coldfusion.runtime.CfJspPage._invoke(CfJspPage.java:2260)
	at cfDirectoryTestSuite2ecfc439080372$funcRUN.runFunction(C:\Inetpub\wwwroot\mxunit\runner\DirectoryTestSuite.cfc:33)
	at coldfusion.runtime.UDFMethod.invoke(UDFMethod.java:418)
	at coldfusion.runtime.UDFMethod$ReturnTypeFilter.invoke(UDFMethod.java:360)
	at coldfusion.runtime.UDFMethod$ArgumentCollectionFilter.invoke(UDFMethod.java:324)
	at coldfusion.filter.FunctionAccessFilter.invoke(FunctionAccessFilter.java:56)
	at coldfusion.runtime.UDFMethod.runFilterChain(UDFMethod.java:277)
	at coldfusion.runtime.UDFMethod.invoke(UDFMethod.java:463)
	at coldfusion.runtime.TemplateProxy.invoke(TemplateProxy.java:453)
	at coldfusion.runtime.TemplateProxy.invoke(TemplateProxy.java:320)
	at coldfusion.runtime.CfJspPage._invoke(CfJspPage.java:2210)
	at cfHttpAntRunner2ecfc1916030262$funcRUN.runFunction(C:\Inetpub\wwwroot\mxunit\runner\HttpAntRunner.cfc:27)
	at coldfusion.runtime.UDFMethod.invoke(UDFMethod.java:418)
	at coldfusion.runtime.UDFMethod$ReturnTypeFilter.invoke(UDFMethod.java:360)
	at coldfusion.runtime.UDFMethod$ArgumentCollectionFilter.invoke(UDFMethod.java:324)
	at coldfusion.filter.FunctionAccessFilter.invoke(FunctionAccessFilter.java:56)
	at coldfusion.runtime.UDFMethod.runFilterChain(UDFMethod.java:277)
	at coldfusion.runtime.UDFMethod.invoke(UDFMethod.java:463)
	at coldfusion.runtime.TemplateProxy.invoke(TemplateProxy.java:453)
	at coldfusion.runtime.TemplateProxy.invoke(TemplateProxy.java:320)
	at coldfusion.filter.ComponentFilter.invoke(ComponentFilter.java:183)
	at coldfusion.filter.ApplicationFilter.invoke(ApplicationFilter.java:279)
	at coldfusion.filter.BrowserDebugFilter.invoke(BrowserDebugFilter.java:74)
	at coldfusion.filter.MonitoringFilter.invoke(MonitoringFilter.java:40)
	at coldfusion.filter.PathFilter.invoke(PathFilter.java:86)
	at coldfusion.filter.LicenseFilter.invoke(LicenseFilter.java:27)
	at coldfusion.filter.ExceptionFilter.invoke(ExceptionFilter.java:70)
	at coldfusion.filter.ClientScopePersistenceFilter.invoke(ClientScopePersistenceFilter.java:28)
	at coldfusion.filter.BrowserFilter.invoke(BrowserFilter.java:38)
	at coldfusion.filter.NoCacheFilter.invoke(NoCacheFilter.java:46)
	at coldfusion.filter.GlobalsFilter.invoke(GlobalsFilter.java:38)
	at coldfusion.filter.DatasourceFilter.invoke(DatasourceFilter.java:22)
	at coldfusion.xml.rpc.CFCServlet.invoke(CFCServlet.java:138)
	at coldfusion.xml.rpc.CFCServlet.doGet(CFCServlet.java:264)
	at javax.servlet.http.HttpServlet.service(HttpServlet.java:740)
	at org.apache.axis.transport.http.AxisServletBase.service(AxisServletBase.java:327)
	at javax.servlet.http.HttpServlet.service(HttpServlet.java:853)
	at coldfusion.bootstrap.BootstrapServlet.service(BootstrapServlet.java:89)
	at jrun.servlet.FilterChain.doFilter(FilterChain.java:86)
	at coldfusion.monitor.event.MonitoringServletFilter.doFilter(MonitoringServletFilter.java:42)
	at coldfusion.bootstrap.BootstrapFilter.doFilter(BootstrapFilter.java:46)
	at jrun.servlet.FilterChain.doFilter(FilterChain.java:94)
	at jrun.servlet.FilterChain.service(FilterChain.java:101)
	at jrun.servlet.ServletInvoker.invoke(ServletInvoker.java:106)
	at jrun.servlet.JRunInvokerChain.invokeNext(JRunInvokerChain.java:42)
	at jrun.servlet.JRunRequestDispatcher.invoke(JRunRequestDispatcher.java:284)
	at jrun.servlet.ServletEngineService.dispatch(ServletEngineService.java:543)
	at jrun.servlet.jrpp.JRunProxyService.invokeRunnable(JRunProxyService.java:203)
	at jrunx.scheduler.ThreadPool$DownstreamMetrics.invokeRunnable(ThreadPool.java:320)
	at jrunx.scheduler.ThreadPool$ThreadThrottle.invokeRunnable(ThreadPool.java:428)
	at jrunx.scheduler.ThreadPool$UpstreamMetrics.invokeRunnable(ThreadPool.java:266)
	at jrunx.scheduler.WorkerThread.run(WorkerThread.java:66)
]]></failure>
    </testcase>
    <testcase classname="mxunit.tests.framework.ComponentUtilsTest" name="testGetContextRootPath" time="0.031" />
    <testcase classname="mxunit.tests.framework.ComponentUtilsTest" name="testGetSeparator" time="0.032" />
    <testcase classname="mxunit.tests.framework.ComponentUtilsTest" name="testGetContextRootComponent" time="0.031" />
    <testcase classname="mxunit.tests.framework.ComponentUtilsTest" name="testIsFrameworkTemplate" time="0.141" />
    <testcase classname="mxunit.tests.framework.ComponentUtilsTest" name="testGetComponentRoot" time="0.047" />
    <testcase classname="mxunit.tests.framework.TestSuiteTest" name="testAdd" time="0.094" />
    <testcase classname="mxunit.tests.framework.PublicProxyMakerTest" name="testMakePublicNonExistentMethod" time="0.047" />
    <testcase classname="mxunit.tests.framework.PublicProxyMakerTest" name="testMakePublicNoArgMethod" time="0.219" />
    <testcase classname="mxunit.tests.framework.PublicProxyMakerTest" name="testMakePublicArray" time="0.172" />
    <testcase classname="mxunit.tests.framework.PublicProxyMakerTest" name="aPrivateMethodReturnArray2" time="0.047" />
    <testcase classname="mxunit.tests.framework.PublicProxyMakerTest" name="testMakePublicArray2" time="0.203" />
    <testcase classname="mxunit.tests.framework.PublicProxyMakerTest" name="testMakePublicNamedArgs" time="0.282" />
    <testcase classname="mxunit.tests.framework.PublicProxyMakerTest" name="testMakePublicObjectWithInit" time="0.312" />
    <testcase classname="mxunit.tests.framework.PublicProxyMakerTest" name="testMakePublicObjectNoArg" time="0.141" />
    <testcase classname="mxunit.tests.framework.PublicProxyMakerTest" name="testMakePublicObjectVoid" time="0.266" />
    <testcase classname="mxunit.tests.framework.PublicProxyMakerTest" name="aPrivateMethodReturnArray" time="0.047" />
    <testcase classname="mxunit.tests.framework.PublicProxyMakerTest" name="testSanity" time="0.062" />
    <testcase classname="mxunit.tests.framework.PublicProxyMakerTest" name="aPrivateMethodNoRT" time="0.047" />
    <testcase classname="mxunit.tests.framework.PublicProxyMakerTest" name="testMakePublicNonNamedArgs" time="0.172" />
    <testcase classname="mxunit.tests.framework.PublicProxyMakerTest" name="testMakePublicVoid" time="0.141" />
    <testcase classname="mxunit.tests.framework.PublicProxyMakerTest" name="testMakePublicNoThirdArg" time="0.265" />
    <testcase classname="mxunit.tests.framework.PublicProxyMakerTest" name="testMakePublicNoReturnType" time="0.25" />
    <testcase classname="mxunit.tests.framework.PublicProxyMakerTest" name="testMakePublicObject" time="0.157" />
    <testcase classname="mxunit.tests.framework.XPathAssertionTest" name="testFindTitle" time="0.985" />
    <testcase classname="mxunit.tests.framework.RemoteFacadeTest" name="testPing" time="0.015" />
    <testcase classname="mxunit.tests.framework.RemoteFacadeTest" name="testStartTestRun" time="0.063" />
    <testcase classname="mxunit.tests.framework.RemoteFacadeTest" name="testExecuteTestCase" time="0.532" />
    <testcase classname="mxunit.tests.framework.RemoteFacadeTest" name="testGetComponentMethods" time="0.094" />
    <testcase classname="mxunit.tests.framework.MXUnitAssertionExtensionsTest" name="testAssertIsStruct" time="0.046" />
    <testcase classname="mxunit.tests.framework.MXUnitAssertionExtensionsTest" name="testAssertIsEmptyStruct" time="0.047" />
    <testcase classname="mxunit.tests.framework.MXUnitAssertionExtensionsTest" name="testAssertQueryRowCount" time="0.047" />
    <testcase classname="mxunit.tests.framework.MXUnitAssertionExtensionsTest" name="testAssertIsTypeOf" time="0.047" />
    <testcase classname="mxunit.tests.framework.MXUnitAssertionExtensionsTest" name="testAssertIsEmpty" time="0.031" />
    <testcase classname="mxunit.tests.framework.MXUnitAssertionExtensionsTest" name="testAssertIsXMLDoc" time="0.047" />
    <testcase classname="mxunit.tests.framework.MXUnitAssertionExtensionsTest" name="testAssertIsEmptyArray" time="0.032" />
    <testcase classname="mxunit.tests.framework.MXUnitAssertionExtensionsTest" name="testAssertIsArray" time="0.047" />
    <testcase classname="mxunit.tests.framework.MXUnitAssertionExtensionsTest" name="testAssertIsEmptyQuery" time="0.14" />
    <testcase classname="mxunit.tests.framework.MXUnitAssertionExtensionsTest" name="testAssertIsQuery" time="0.031" />
    <testcase classname="mxunit.tests.framework.MXUnitAssertionExtensionsTest" name="testAssertIsDefined" time="0.047" />
    <testcase classname="mxunit.tests.framework.RemoteFacadeObjectCacheTest" name="testPurgeSuitePool" time="0.032" />
    <testcase classname="mxunit.tests.framework.RemoteFacadeObjectCacheTest" name="testPurgeStaleTests" time="0.063" />
    <testcase classname="mxunit.tests.framework.RemoteFacadeObjectCacheTest" name="testEndTestRun" time="0.109" />
    <testcase classname="mxunit.tests.framework.RemoteFacadeObjectCacheTest" name="testStartTestRun" time="0.094" />
    <testcase classname="mxunit.tests.framework.RemoteFacadeObjectCacheTest" name="testGetObjectNotInCache" time="0.078" />
    <testcase classname="mxunit.tests.framework.RemoteFacadeObjectCacheTest" name="testGetObjectWhenCachePurged" time="0.125" />
    <testcase classname="mxunit.tests.framework.ConfigManagerTest" name="testGetConfigElements" time="0.219" />
    <testcase classname="mxunit.tests.framework.ConfigManagerTest" name="testGetConfigElementValue" time="0.094" />
    <testcase classname="mxunit.tests.framework.ConfigManagerTest" name="testGetVersion" time="0.078" />
  </testsuite>
</testsuites>
